[INFO] Starting script at Tue Feb 18 15:57:02 IST 2025
[INFO] The repo directory is: /home/einaralh/Linux_Course_Work/Q4
[INFO] Venv already exists at /home/einaralh/Q4_ENV
[INFO] Activating venv in /home/einaralh/Q4_ENV
[INFO] Installing / upgrading pip and matplotlib...
Requirement already satisfied: pip in /home/einaralh/Q4_ENV/lib/python3.12/site-packages (25.0.1)
Requirement already satisfied: matplotlib in /home/einaralh/Q4_ENV/lib/python3.12/site-packages (3.10.0)
Requirement already satisfied: contourpy>=1.0.1 in /home/einaralh/Q4_ENV/lib/python3.12/site-packages (from matplotlib) (1.3.1)
Requirement already satisfied: cycler>=0.10 in /home/einaralh/Q4_ENV/lib/python3.12/site-packages (from matplotlib) (0.12.1)
Requirement already satisfied: fonttools>=4.22.0 in /home/einaralh/Q4_ENV/lib/python3.12/site-packages (from matplotlib) (4.56.0)
Requirement already satisfied: kiwisolver>=1.3.1 in /home/einaralh/Q4_ENV/lib/python3.12/site-packages (from matplotlib) (1.4.8)
Requirement already satisfied: numpy>=1.23 in /home/einaralh/Q4_ENV/lib/python3.12/site-packages (from matplotlib) (2.2.3)
Requirement already satisfied: packaging>=20.0 in /home/einaralh/Q4_ENV/lib/python3.12/site-packages (from matplotlib) (24.2)
Requirement already satisfied: pillow>=8 in /home/einaralh/Q4_ENV/lib/python3.12/site-packages (from matplotlib) (11.1.0)
Requirement already satisfied: pyparsing>=2.3.1 in /home/einaralh/Q4_ENV/lib/python3.12/site-packages (from matplotlib) (3.2.1)
Requirement already satisfied: python-dateutil>=2.7 in /home/einaralh/Q4_ENV/lib/python3.12/site-packages (from matplotlib) (2.9.0.post0)
Requirement already satisfied: six>=1.5 in /home/einaralh/Q4_ENV/lib/python3.12/site-packages (from python-dateutil>=2.7->matplotlib) (1.17.0)
[INFO] Processing plant: Rose
       Height: 50 55 60 65 70
       LeafCount: 35 40 45 50 55
       DryWeight: 2.0 2.2 2.5 2.7 3.0
./plant.py: line 1: import: command not found
./plant.py: line 4: plant: command not found
./plant.py: line 5: height_data: command not found
./plant.py: line 6: leaf_count_data: command not found
./plant.py: line 7: dry_weight_data: command not found
./plant.py: line 10: syntax error near unexpected token `f"Plant: {plant}"'
./plant.py: line 10: `print(f"Plant: {plant}")'
[ERROR] Python script failed for Rose. See q4_script.log for details.
[INFO] Processing plant: Tulip
       Height: 30 35 40 42
       LeafCount: 12 15 18 20
       DryWeight: 1.5 1.6 1.7 1.8
./plant.py: line 1: import: command not found
./plant.py: line 4: plant: command not found
./plant.py: line 5: height_data: command not found
./plant.py: line 6: leaf_count_data: command not found
./plant.py: line 7: dry_weight_data: command not found
./plant.py: line 10: syntax error near unexpected token `f"Plant: {plant}"'
./plant.py: line 10: `print(f"Plant: {plant}")'
[ERROR] Python script failed for Tulip. See q4_script.log for details.
[INFO] Processing plant: Sunflower
       Height: 120 125 130 135
       LeafCount: 50 55 60 65
       DryWeight: 5.0 5.5 6.0 6.5
./plant.py: line 1: import: command not found
./plant.py: line 4: plant: command not found
./plant.py: line 5: height_data: command not found
./plant.py: line 6: leaf_count_data: command not found
./plant.py: line 7: dry_weight_data: command not found
./plant.py: line 10: syntax error near unexpected token `f"Plant: {plant}"'
./plant.py: line 10: `print(f"Plant: {plant}")'
[ERROR] Python script failed for Sunflower. See q4_script.log for details.
[INFO] Processing plant: Daffodil
       Height: 40 45 50 55
       LeafCount: 15 18 20 22
       DryWeight: 1.8 2.0 2.2 2.5
./plant.py: line 1: import: command not found
./plant.py: line 4: plant: command not found
./plant.py: line 5: height_data: command not found
./plant.py: line 6: leaf_count_data: command not found
./plant.py: line 7: dry_weight_data: command not found
./plant.py: line 10: syntax error near unexpected token `f"Plant: {plant}"'
./plant.py: line 10: `print(f"Plant: {plant}")'
[ERROR] Python script failed for Daffodil. See q4_script.log for details.
[INFO] Processing plant: Lily
       Height: 60 65 70
       LeafCount: 20 22 24
       DryWeight: 2.5 2.7 3.0
./plant.py: line 1: import: command not found
./plant.py: line 4: plant: command not found
./plant.py: line 5: height_data: command not found
./plant.py: line 6: leaf_count_data: command not found
./plant.py: line 7: dry_weight_data: command not found
./plant.py: line 10: syntax error near unexpected token `f"Plant: {plant}"'
./plant.py: line 10: `print(f"Plant: {plant}")'
[ERROR] Python script failed for Lily. See q4_script.log for details.
[INFO] Script completed at Tue Feb 18 15:57:06 IST 2025
[INFO] Starting script at Tue Feb 18 15:58:53 IST 2025
[INFO] The repo directory is: /home/einaralh/Linux_Course_Work/Q4
[INFO] Venv already exists at /home/einaralh/Q4_ENV
[INFO] Activating venv in /home/einaralh/Q4_ENV
[INFO] Installing / upgrading pip and matplotlib...
Requirement already satisfied: pip in /home/einaralh/Q4_ENV/lib/python3.12/site-packages (25.0.1)
Requirement already satisfied: matplotlib in /home/einaralh/Q4_ENV/lib/python3.12/site-packages (3.10.0)
Requirement already satisfied: contourpy>=1.0.1 in /home/einaralh/Q4_ENV/lib/python3.12/site-packages (from matplotlib) (1.3.1)
Requirement already satisfied: cycler>=0.10 in /home/einaralh/Q4_ENV/lib/python3.12/site-packages (from matplotlib) (0.12.1)
Requirement already satisfied: fonttools>=4.22.0 in /home/einaralh/Q4_ENV/lib/python3.12/site-packages (from matplotlib) (4.56.0)
Requirement already satisfied: kiwisolver>=1.3.1 in /home/einaralh/Q4_ENV/lib/python3.12/site-packages (from matplotlib) (1.4.8)
Requirement already satisfied: numpy>=1.23 in /home/einaralh/Q4_ENV/lib/python3.12/site-packages (from matplotlib) (2.2.3)
Requirement already satisfied: packaging>=20.0 in /home/einaralh/Q4_ENV/lib/python3.12/site-packages (from matplotlib) (24.2)
Requirement already satisfied: pillow>=8 in /home/einaralh/Q4_ENV/lib/python3.12/site-packages (from matplotlib) (11.1.0)
Requirement already satisfied: pyparsing>=2.3.1 in /home/einaralh/Q4_ENV/lib/python3.12/site-packages (from matplotlib) (3.2.1)
Requirement already satisfied: python-dateutil>=2.7 in /home/einaralh/Q4_ENV/lib/python3.12/site-packages (from matplotlib) (2.9.0.post0)
Requirement already satisfied: six>=1.5 in /home/einaralh/Q4_ENV/lib/python3.12/site-packages (from python-dateutil>=2.7->matplotlib) (1.17.0)
[INFO] Processing plant_2: Rose
       Height: 50 55 60 65 70
       LeafCount: 35 40 45 50 55
       DryWeight: 2.0 2.2 2.5 2.7 3.0
usage: plant_2.py [-h] --plant PLANT --height HEIGHT [HEIGHT ...] --leaf_count
                  LEAF_COUNT [LEAF_COUNT ...] --dry_weight DRY_WEIGHT
                  [DRY_WEIGHT ...]
plant_2.py: error: the following arguments are required: --plant
[ERROR] Python script failed for Rose. See q4_script.log for details.
[INFO] Processing plant_2: Tulip
       Height: 30 35 40 42
       LeafCount: 12 15 18 20
       DryWeight: 1.5 1.6 1.7 1.8
usage: plant_2.py [-h] --plant PLANT --height HEIGHT [HEIGHT ...] --leaf_count
                  LEAF_COUNT [LEAF_COUNT ...] --dry_weight DRY_WEIGHT
                  [DRY_WEIGHT ...]
plant_2.py: error: the following arguments are required: --plant
[ERROR] Python script failed for Tulip. See q4_script.log for details.
[INFO] Processing plant_2: Sunflower
       Height: 120 125 130 135
       LeafCount: 50 55 60 65
       DryWeight: 5.0 5.5 6.0 6.5
usage: plant_2.py [-h] --plant PLANT --height HEIGHT [HEIGHT ...] --leaf_count
                  LEAF_COUNT [LEAF_COUNT ...] --dry_weight DRY_WEIGHT
                  [DRY_WEIGHT ...]
plant_2.py: error: the following arguments are required: --plant
[ERROR] Python script failed for Sunflower. See q4_script.log for details.
[INFO] Processing plant_2: Daffodil
       Height: 40 45 50 55
       LeafCount: 15 18 20 22
       DryWeight: 1.8 2.0 2.2 2.5
usage: plant_2.py [-h] --plant PLANT --height HEIGHT [HEIGHT ...] --leaf_count
                  LEAF_COUNT [LEAF_COUNT ...] --dry_weight DRY_WEIGHT
                  [DRY_WEIGHT ...]
plant_2.py: error: the following arguments are required: --plant
[ERROR] Python script failed for Daffodil. See q4_script.log for details.
[INFO] Processing plant_2: Lily
       Height: 60 65 70
       LeafCount: 20 22 24
       DryWeight: 2.5 2.7 3.0
usage: plant_2.py [-h] --plant PLANT --height HEIGHT [HEIGHT ...] --leaf_count
                  LEAF_COUNT [LEAF_COUNT ...] --dry_weight DRY_WEIGHT
                  [DRY_WEIGHT ...]
plant_2.py: error: the following arguments are required: --plant
[ERROR] Python script failed for Lily. See q4_script.log for details.
[INFO] Script completed at Tue Feb 18 15:59:03 IST 2025
[INFO] Starting script at Tue Feb 18 15:59:42 IST 2025
[INFO] The repo directory is: /home/einaralh/Linux_Course_Work/Q4
[INFO] Venv already exists at /home/einaralh/Q4_ENV
[INFO] Activating venv in /home/einaralh/Q4_ENV
[INFO] Installing / upgrading pip and matplotlib...
Requirement already satisfied: pip in /home/einaralh/Q4_ENV/lib/python3.12/site-packages (25.0.1)
Requirement already satisfied: matplotlib in /home/einaralh/Q4_ENV/lib/python3.12/site-packages (3.10.0)
Requirement already satisfied: contourpy>=1.0.1 in /home/einaralh/Q4_ENV/lib/python3.12/site-packages (from matplotlib) (1.3.1)
Requirement already satisfied: cycler>=0.10 in /home/einaralh/Q4_ENV/lib/python3.12/site-packages (from matplotlib) (0.12.1)
Requirement already satisfied: fonttools>=4.22.0 in /home/einaralh/Q4_ENV/lib/python3.12/site-packages (from matplotlib) (4.56.0)
Requirement already satisfied: kiwisolver>=1.3.1 in /home/einaralh/Q4_ENV/lib/python3.12/site-packages (from matplotlib) (1.4.8)
Requirement already satisfied: numpy>=1.23 in /home/einaralh/Q4_ENV/lib/python3.12/site-packages (from matplotlib) (2.2.3)
Requirement already satisfied: packaging>=20.0 in /home/einaralh/Q4_ENV/lib/python3.12/site-packages (from matplotlib) (24.2)
Requirement already satisfied: pillow>=8 in /home/einaralh/Q4_ENV/lib/python3.12/site-packages (from matplotlib) (11.1.0)
Requirement already satisfied: pyparsing>=2.3.1 in /home/einaralh/Q4_ENV/lib/python3.12/site-packages (from matplotlib) (3.2.1)
Requirement already satisfied: python-dateutil>=2.7 in /home/einaralh/Q4_ENV/lib/python3.12/site-packages (from matplotlib) (2.9.0.post0)
Requirement already satisfied: six>=1.5 in /home/einaralh/Q4_ENV/lib/python3.12/site-packages (from python-dateutil>=2.7->matplotlib) (1.17.0)
[INFO] Processing plant: Rose
       Height: 50 55 60 65 70
       LeafCount: 35 40 45 50 55
       DryWeight: 2.0 2.2 2.5 2.7 3.0
Plant: Rose
Height data (cm): [50.0, 55.0, 60.0, 65.0, 70.0]
Leaf count data: [35, 40, 45, 50, 55]
Dry weight data (g): [2.0, 2.2, 2.5, 2.7, 3.0]
Generated plots for Rose:
  1) Scatter plot saved as Rose_scatter.png
  2) Histogram saved as Rose_histogram.png
  3) Line plot saved as Rose_line_plot.png
[INFO] Created directory: Rose
[INFO] Finished Rose
--------------------------------------
[INFO] Processing plant: Tulip
       Height: 30 35 40 42
       LeafCount: 12 15 18 20
       DryWeight: 1.5 1.6 1.7 1.8
Plant: Tulip
Height data (cm): [30.0, 35.0, 40.0, 42.0]
Leaf count data: [12, 15, 18, 20]
Dry weight data (g): [1.5, 1.6, 1.7, 1.8]
Generated plots for Tulip:
  1) Scatter plot saved as Tulip_scatter.png
  2) Histogram saved as Tulip_histogram.png
  3) Line plot saved as Tulip_line_plot.png
[INFO] Created directory: Tulip
[INFO] Finished Tulip
--------------------------------------
[INFO] Processing plant: Sunflower
       Height: 120 125 130 135
       LeafCount: 50 55 60 65
       DryWeight: 5.0 5.5 6.0 6.5
Plant: Sunflower
Height data (cm): [120.0, 125.0, 130.0, 135.0]
Leaf count data: [50, 55, 60, 65]
Dry weight data (g): [5.0, 5.5, 6.0, 6.5]
Generated plots for Sunflower:
  1) Scatter plot saved as Sunflower_scatter.png
  2) Histogram saved as Sunflower_histogram.png
  3) Line plot saved as Sunflower_line_plot.png
[INFO] Created directory: Sunflower
[INFO] Finished Sunflower
--------------------------------------
[INFO] Processing plant: Daffodil
       Height: 40 45 50 55
       LeafCount: 15 18 20 22
       DryWeight: 1.8 2.0 2.2 2.5
Plant: Daffodil
Height data (cm): [40.0, 45.0, 50.0, 55.0]
Leaf count data: [15, 18, 20, 22]
Dry weight data (g): [1.8, 2.0, 2.2, 2.5]
Generated plots for Daffodil:
  1) Scatter plot saved as Daffodil_scatter.png
  2) Histogram saved as Daffodil_histogram.png
  3) Line plot saved as Daffodil_line_plot.png
[INFO] Created directory: Daffodil
[INFO] Finished Daffodil
--------------------------------------
[INFO] Processing plant: Lily
       Height: 60 65 70
       LeafCount: 20 22 24
       DryWeight: 2.5 2.7 3.0
Plant: Lily
Height data (cm): [60.0, 65.0, 70.0]
Leaf count data: [20, 22, 24]
Dry weight data (g): [2.5, 2.7, 3.0]
Generated plots for Lily:
  1) Scatter plot saved as Lily_scatter.png
  2) Histogram saved as Lily_histogram.png
  3) Line plot saved as Lily_line_plot.png
[INFO] Created directory: Lily
[INFO] Finished Lily
--------------------------------------
[INFO] Script completed at Tue Feb 18 15:59:57 IST 2025
[INFO] Starting script at Tue Feb 18 16:00:26 IST 2025
[INFO] The repo directory is: /home/einaralh/Linux_Course_Work/Q4
[INFO] Venv already exists at /home/einaralh/Q4_ENV
[INFO] Activating venv in /home/einaralh/Q4_ENV
[INFO] Installing / upgrading pip and matplotlib...
Requirement already satisfied: pip in /home/einaralh/Q4_ENV/lib/python3.12/site-packages (25.0.1)
Requirement already satisfied: matplotlib in /home/einaralh/Q4_ENV/lib/python3.12/site-packages (3.10.0)
Requirement already satisfied: contourpy>=1.0.1 in /home/einaralh/Q4_ENV/lib/python3.12/site-packages (from matplotlib) (1.3.1)
Requirement already satisfied: cycler>=0.10 in /home/einaralh/Q4_ENV/lib/python3.12/site-packages (from matplotlib) (0.12.1)
Requirement already satisfied: fonttools>=4.22.0 in /home/einaralh/Q4_ENV/lib/python3.12/site-packages (from matplotlib) (4.56.0)
Requirement already satisfied: kiwisolver>=1.3.1 in /home/einaralh/Q4_ENV/lib/python3.12/site-packages (from matplotlib) (1.4.8)
Requirement already satisfied: numpy>=1.23 in /home/einaralh/Q4_ENV/lib/python3.12/site-packages (from matplotlib) (2.2.3)
Requirement already satisfied: packaging>=20.0 in /home/einaralh/Q4_ENV/lib/python3.12/site-packages (from matplotlib) (24.2)
Requirement already satisfied: pillow>=8 in /home/einaralh/Q4_ENV/lib/python3.12/site-packages (from matplotlib) (11.1.0)
Requirement already satisfied: pyparsing>=2.3.1 in /home/einaralh/Q4_ENV/lib/python3.12/site-packages (from matplotlib) (3.2.1)
Requirement already satisfied: python-dateutil>=2.7 in /home/einaralh/Q4_ENV/lib/python3.12/site-packages (from matplotlib) (2.9.0.post0)
Requirement already satisfied: six>=1.5 in /home/einaralh/Q4_ENV/lib/python3.12/site-packages (from python-dateutil>=2.7->matplotlib) (1.17.0)
[INFO] Processing plant: Rose
       Height: 50 55 60 65 70
       LeafCount: 35 40 45 50 55
       DryWeight: 2.0 2.2 2.5 2.7 3.0
Plant: Rose
Height data (cm): [50.0, 55.0, 60.0, 65.0, 70.0]
Leaf count data: [35, 40, 45, 50, 55]
Dry weight data (g): [2.0, 2.2, 2.5, 2.7, 3.0]
Generated plots for Rose:
  1) Scatter plot saved as Rose_scatter.png
  2) Histogram saved as Rose_histogram.png
  3) Line plot saved as Rose_line_plot.png
[INFO] Finished Rose
--------------------------------------
[INFO] Processing plant: Tulip
       Height: 30 35 40 42
       LeafCount: 12 15 18 20
       DryWeight: 1.5 1.6 1.7 1.8
Plant: Tulip
Height data (cm): [30.0, 35.0, 40.0, 42.0]
Leaf count data: [12, 15, 18, 20]
Dry weight data (g): [1.5, 1.6, 1.7, 1.8]
Generated plots for Tulip:
  1) Scatter plot saved as Tulip_scatter.png
  2) Histogram saved as Tulip_histogram.png
  3) Line plot saved as Tulip_line_plot.png
[INFO] Finished Tulip
--------------------------------------
[INFO] Processing plant: Sunflower
       Height: 120 125 130 135
       LeafCount: 50 55 60 65
       DryWeight: 5.0 5.5 6.0 6.5
Plant: Sunflower
Height data (cm): [120.0, 125.0, 130.0, 135.0]
Leaf count data: [50, 55, 60, 65]
Dry weight data (g): [5.0, 5.5, 6.0, 6.5]
Generated plots for Sunflower:
  1) Scatter plot saved as Sunflower_scatter.png
  2) Histogram saved as Sunflower_histogram.png
  3) Line plot saved as Sunflower_line_plot.png
[INFO] Finished Sunflower
--------------------------------------
[INFO] Processing plant: Daffodil
       Height: 40 45 50 55
       LeafCount: 15 18 20 22
       DryWeight: 1.8 2.0 2.2 2.5
Plant: Daffodil
Height data (cm): [40.0, 45.0, 50.0, 55.0]
Leaf count data: [15, 18, 20, 22]
Dry weight data (g): [1.8, 2.0, 2.2, 2.5]
Generated plots for Daffodil:
  1) Scatter plot saved as Daffodil_scatter.png
  2) Histogram saved as Daffodil_histogram.png
  3) Line plot saved as Daffodil_line_plot.png
[INFO] Finished Daffodil
--------------------------------------
[INFO] Processing plant: Lily
       Height: 60 65 70
       LeafCount: 20 22 24
       DryWeight: 2.5 2.7 3.0
Plant: Lily
Height data (cm): [60.0, 65.0, 70.0]
Leaf count data: [20, 22, 24]
Dry weight data (g): [2.5, 2.7, 3.0]
Generated plots for Lily:
  1) Scatter plot saved as Lily_scatter.png
  2) Histogram saved as Lily_histogram.png
  3) Line plot saved as Lily_line_plot.png
[INFO] Finished Lily
--------------------------------------
[INFO] Script completed at Tue Feb 18 16:00:43 IST 2025
